<?xml version="1.0" encoding="UTF-8"?>
<!-- Generated by org.testng.reporters.JUnitReportReporter -->
<testsuite hostname="C02GL0WBMD6T" failures="0" tests="2" name="runners.TestRunner" time="8.925" errors="0" timestamp="2023-07-30T16:19:03 PST" skipped="0">
  <testcase classname="runners.TestRunner" name="runScenario" time="6.544"/>
  <testcase classname="runners.TestRunner" name="runScenario" time="2.381"/>
</testsuite> <!-- runners.TestRunner -->
