<?xml version="1.0" encoding="UTF-8"?>
<!-- Generated by org.testng.reporters.JUnitReportReporter -->
<testsuite hostname="C02GL0WBMD6T" failures="0" tests="2" name="runners.TestRunner" time="6.355" errors="0" timestamp="2023-07-29T23:35:48 PST" skipped="0">
  <testcase classname="runners.TestRunner" name="runScenario" time="3.513"/>
  <testcase classname="runners.TestRunner" name="runScenario" time="2.842"/>
</testsuite> <!-- runners.TestRunner -->
