<?xml version="1.0" encoding="UTF-8"?>
<!-- Generated by org.testng.reporters.JUnitReportReporter -->
<testsuite hostname="C02GL0WBMD6T" failures="0" tests="2" name="runners.TestRunner" time="6.516" errors="0" timestamp="2023-07-29T23:06:21 PST" skipped="0">
  <testcase classname="runners.TestRunner" name="runScenario" time="2.851"/>
  <testcase classname="runners.TestRunner" name="runScenario" time="3.665"/>
</testsuite> <!-- runners.TestRunner -->
