<?xml version="1.0" encoding="UTF-8"?>
<!-- Generated by org.testng.reporters.JUnitReportReporter -->
<testsuite hostname="C02GL0WBMD6T" failures="0" tests="2" name="runners.TestRunner" time="6.624" errors="0" timestamp="2023-07-30T13:44:47 PST" skipped="0">
  <testcase classname="runners.TestRunner" name="runScenario" time="3.785"/>
  <testcase classname="runners.TestRunner" name="runScenario" time="2.839"/>
</testsuite> <!-- runners.TestRunner -->
